Release 14.7 - xst P.20131013 (nt64)
Copyright (c) 1995-2013 Xilinx, Inc.  All rights reserved.
--> Parameter TMPDIR set to xst/projnav.tmp


Total REAL time to Xst completion: 0.00 secs
Total CPU time to Xst completion: 0.06 secs
 
--> Parameter xsthdpdir set to xst


Total REAL time to Xst completion: 0.00 secs
Total CPU time to Xst completion: 0.06 secs
 
--> Reading design: SPI_MOSI.prj

TABLE OF CONTENTS
  1) Synthesis Options Summary
  2) HDL Parsing
  3) HDL Elaboration
  4) HDL Synthesis
       4.1) HDL Synthesis Report
  5) Advanced HDL Synthesis
       5.1) Advanced HDL Synthesis Report
  6) Low Level Synthesis
  7) Partition Report
  8) Design Summary
       8.1) Primitive and Black Box Usage
       8.2) Device utilization summary
       8.3) Partition Resource Summary
       8.4) Timing Report
            8.4.1) Clock Information
            8.4.2) Asynchronous Control Signals Information
            8.4.3) Timing Summary
            8.4.4) Timing Details
            8.4.5) Cross Clock Domains Report


=========================================================================
*                      Synthesis Options Summary                        *
=========================================================================
---- Source Parameters
Input File Name                    : "SPI_MOSI.prj"
Ignore Synthesis Constraint File   : NO

---- Target Parameters
Output File Name                   : "SPI_MOSI"
Output Format                      : NGC
Target Device                      : xc6slx45t-3-fgg484

---- Source Options
Top Module Name                    : SPI_MOSI
Automatic FSM Extraction           : YES
FSM Encoding Algorithm             : Auto
Safe Implementation                : No
FSM Style                          : LUT
RAM Extraction                     : Yes
RAM Style                          : Auto
ROM Extraction                     : Yes
Shift Register Extraction          : YES
ROM Style                          : Auto
Resource Sharing                   : YES
Asynchronous To Synchronous        : NO
Shift Register Minimum Size        : 2
Use DSP Block                      : Auto
Automatic Register Balancing       : No

---- Target Options
LUT Combining                      : Auto
Reduce Control Sets                : Auto
Add IO Buffers                     : YES
Global Maximum Fanout              : 100000
Add Generic Clock Buffer(BUFG)     : 16
Register Duplication               : YES
Optimize Instantiated Primitives   : NO
Use Clock Enable                   : Auto
Use Synchronous Set                : Auto
Use Synchronous Reset              : Auto
Pack IO Registers into IOBs        : Auto
Equivalent register Removal        : YES

---- General Options
Optimization Goal                  : Speed
Optimization Effort                : 1
Power Reduction                    : NO
Keep Hierarchy                     : No
Netlist Hierarchy                  : As_Optimized
RTL Output                         : Yes
Global Optimization                : AllClockNets
Read Cores                         : YES
Write Timing Constraints           : NO
Cross Clock Analysis               : NO
Hierarchy Separator                : /
Bus Delimiter                      : <>
Case Specifier                     : Maintain
Slice Utilization Ratio            : 100
BRAM Utilization Ratio             : 100
DSP48 Utilization Ratio            : 100
Auto BRAM Packing                  : NO
Slice Utilization Ratio Delta      : 5

=========================================================================


=========================================================================
*                          HDL Parsing                                  *
=========================================================================
Parsing VHDL file "C:\Users\user\Desktop\SPI_Dabaghi_VHDLprj\SPI_Dabaghi\SPI_MOSI.vhd" into library work
Parsing entity <SPI_MOSI>.
Parsing architecture <Behavioral> of entity <spi_mosi>.

=========================================================================
*                            HDL Elaboration                            *
=========================================================================

Elaborating entity <SPI_MOSI> (architecture <Behavioral>) from library <work>.

=========================================================================
*                           HDL Synthesis                               *
=========================================================================

Synthesizing Unit <SPI_MOSI>.
    Related source file is "C:\Users\user\Desktop\SPI_Dabaghi_VHDLprj\SPI_Dabaghi\SPI_MOSI.vhd".
WARNING:Xst:647 - Input <SCK> is never used. This port will be preserved and left unconnected if it belongs to a top-level block or it belongs to a sub-block and the hierarchy of this sub-block is preserved.
    Register <Data_In_INT_dummy> equivalent to <Data_In_INT> has been removed
    Found 1-bit register for signal <CONV_START_INT>.
    Found 1-bit register for signal <MOSI_INT>.
    Found 4-bit register for signal <Bit_CNT>.
    Found 3-bit register for signal <state>.
    Found 1-bit register for signal <CS_n_INT>.
    Found 1-bit register for signal <Data_In_INT<11>>.
    Found finite state machine <FSM_0> for signal <state>.
    -----------------------------------------------------------------------
    | States             | 5                                              |
    | Transitions        | 8                                              |
    | Inputs             | 3                                              |
    | Outputs            | 3                                              |
    | Clock              | CLK_SYS (rising_edge)                          |
    | Power Up State     | idle                                           |
    | Encoding           | auto                                           |
    | Implementation     | LUT                                            |
    -----------------------------------------------------------------------
    Found 4-bit subtractor for signal <GND_4_o_GND_4_o_sub_3_OUT<3:0>> created at line 1308.
    WARNING:Xst:2404 -  FFs/Latches <Data_In_INT<1:2>> (without init value) have a constant value of 0 in block <SPI_MOSI>.
    WARNING:Xst:2404 -  FFs/Latches <Data_In_INT<3:5>> (without init value) have a constant value of 0 in block <SPI_MOSI>.
    WARNING:Xst:2404 -  FFs/Latches <Data_In_INT<6:12>> (without init value) have a constant value of 0 in block <SPI_MOSI>.
    Summary:
	inferred   1 Adder/Subtractor(s).
	inferred   8 D-type flip-flop(s).
	inferred   8 Multiplexer(s).
	inferred   1 Finite State Machine(s).
Unit <SPI_MOSI> synthesized.

=========================================================================
HDL Synthesis Report

Macro Statistics
# Adders/Subtractors                                   : 1
 4-bit subtractor                                      : 1
# Registers                                            : 5
 1-bit register                                        : 4
 4-bit register                                        : 1
# Multiplexers                                         : 8
 1-bit 2-to-1 multiplexer                              : 2
 4-bit 2-to-1 multiplexer                              : 6
# FSMs                                                 : 1

=========================================================================

=========================================================================
*                       Advanced HDL Synthesis                          *
=========================================================================

WARNING:Xst:1426 - The value init of the FF/Latch Data_In_INT hinder the constant cleaning in the block SPI_MOSI.
   You should achieve better results by setting this init to 1.

=========================================================================
Advanced HDL Synthesis Report

Macro Statistics
# Adders/Subtractors                                   : 1
 4-bit subtractor                                      : 1
# Registers                                            : 8
 Flip-Flops                                            : 8
# Multiplexers                                         : 8
 1-bit 2-to-1 multiplexer                              : 2
 4-bit 2-to-1 multiplexer                              : 6
# FSMs                                                 : 1

=========================================================================

=========================================================================
*                         Low Level Synthesis                           *
=========================================================================
WARNING:Xst:1426 - The value init of the FF/Latch Data_In_INT hinder the constant cleaning in the block SPI_MOSI.
   You should achieve better results by setting this init to 1.
Analyzing FSM <MFsm> for best encoding.
Optimizing FSM <FSM_0> on signal <state[1:3]> with sequential encoding.
-------------------------------
 State             | Encoding
-------------------------------
 idle              | 000
 instruction       | 011
 write_st          | 010
 delay_instruction | 001
 delay_cs          | 100
-------------------------------

Optimizing unit <SPI_MOSI> ...

Mapping all equations...
Building and optimizing final netlist ...
Found area constraint ratio of 100 (+ 5) on block SPI_MOSI, actual ratio is 0.

Final Macro Processing ...

=========================================================================
Final Register Report

Macro Statistics
# Registers                                            : 11
 Flip-Flops                                            : 11

=========================================================================

=========================================================================
*                           Partition Report                            *
=========================================================================

Partition Implementation Status
-------------------------------

  No Partitions were found in this design.

-------------------------------

=========================================================================
*                            Design Summary                             *
=========================================================================

Top Level Output File Name         : SPI_MOSI.ngc

Primitive and Black Box Usage:
------------------------------
# BELS                             : 14
#      LUT2                        : 3
#      LUT3                        : 1
#      LUT4                        : 2
#      LUT6                        : 7
#      VCC                         : 1
# FlipFlops/Latches                : 11
#      FD                          : 11
# Clock Buffers                    : 1
#      BUFGP                       : 1
# IO Buffers                       : 3
#      IBUF                        : 1
#      OBUF                        : 2

Device utilization summary:
---------------------------

Selected Device : 6slx45tfgg484-3 


Slice Logic Utilization: 
 Number of Slice Registers:              11  out of  54576     0%  
 Number of Slice LUTs:                   13  out of  27288     0%  
    Number used as Logic:                13  out of  27288     0%  

Slice Logic Distribution: 
 Number of LUT Flip Flop pairs used:     15
   Number with an unused Flip Flop:       4  out of     15    26%  
   Number with an unused LUT:             2  out of     15    13%  
   Number of fully used LUT-FF pairs:     9  out of     15    60%  
   Number of unique control sets:         1

IO Utilization: 
 Number of IOs:                           5
 Number of bonded IOBs:                   4  out of    296     1%  

Specific Feature Utilization:
 Number of BUFG/BUFGCTRLs:                1  out of     16     6%  

---------------------------
Partition Resource Summary:
---------------------------

  No Partitions were found in this design.

---------------------------


=========================================================================
Timing Report

NOTE: THESE TIMING NUMBERS ARE ONLY A SYNTHESIS ESTIMATE.
      FOR ACCURATE TIMING INFORMATION PLEASE REFER TO THE TRACE REPORT
      GENERATED AFTER PLACE-and-ROUTE.

Clock Information:
------------------
-----------------------------------+------------------------+-------+
Clock Signal                       | Clock buffer(FF name)  | Load  |
-----------------------------------+------------------------+-------+
CLK_SYS                            | BUFGP                  | 11    |
-----------------------------------+------------------------+-------+

Asynchronous Control Signals Information:
----------------------------------------
No asynchronous control signals found in this design

Timing Summary:
---------------
Speed Grade: -3

   Minimum period: 2.655ns (Maximum Frequency: 376.719MHz)
   Minimum input arrival time before clock: 1.903ns
   Maximum output required time after clock: 3.597ns
   Maximum combinational path delay: No path found

Timing Details:
---------------
All values displayed in nanoseconds (ns)

=========================================================================
Timing constraint: Default period analysis for Clock 'CLK_SYS'
  Clock period: 2.655ns (frequency: 376.719MHz)
  Total number of paths / destination ports: 55 / 9
-------------------------------------------------------------------------
Delay:               2.655ns (Levels of Logic = 2)
  Source:            Bit_CNT_2 (FF)
  Destination:       Bit_CNT_1 (FF)
  Source Clock:      CLK_SYS rising
  Destination Clock: CLK_SYS rising

  Data Path: Bit_CNT_2 to Bit_CNT_1
                                Gate     Net
    Cell:in->out      fanout   Delay   Delay  Logical Name (Net Name)
    ----------------------------------------  ------------
     FD:C->Q               7   0.447   1.118  Bit_CNT_2 (Bit_CNT_2)
     LUT6:I1->O            1   0.203   0.580  Mmux_state[2]_X_4_o_wide_mux_14_OUT21 (Mmux_state[2]_X_4_o_wide_mux_14_OUT2)
     LUT2:I1->O            1   0.205   0.000  Mmux_state[2]_X_4_o_wide_mux_14_OUT22 (state[2]_X_4_o_wide_mux_14_OUT<1>)
     FD:D                      0.102          Bit_CNT_1
    ----------------------------------------
    Total                      2.655ns (0.957ns logic, 1.697ns route)
                                       (36.1% logic, 63.9% route)

=========================================================================
Timing constraint: Default OFFSET IN BEFORE for Clock 'CLK_SYS'
  Total number of paths / destination ports: 1 / 1
-------------------------------------------------------------------------
Offset:              1.903ns (Levels of Logic = 1)
  Source:            CONV_START (PAD)
  Destination:       CONV_START_INT (FF)
  Destination Clock: CLK_SYS rising

  Data Path: CONV_START to CONV_START_INT
                                Gate     Net
    Cell:in->out      fanout   Delay   Delay  Logical Name (Net Name)
    ----------------------------------------  ------------
     IBUF:I->O             1   1.222   0.579  CONV_START_IBUF (CONV_START_IBUF)
     FD:D                      0.102          CONV_START_INT
    ----------------------------------------
    Total                      1.903ns (1.324ns logic, 0.579ns route)
                                       (69.6% logic, 30.4% route)

=========================================================================
Timing constraint: Default OFFSET OUT AFTER for Clock 'CLK_SYS'
  Total number of paths / destination ports: 2 / 2
-------------------------------------------------------------------------
Offset:              3.597ns (Levels of Logic = 1)
  Source:            CS_n_INT (FF)
  Destination:       CS_n (PAD)
  Source Clock:      CLK_SYS rising

  Data Path: CS_n_INT to CS_n
                                Gate     Net
    Cell:in->out      fanout   Delay   Delay  Logical Name (Net Name)
    ----------------------------------------  ------------
     FD:C->Q               1   0.447   0.579  CS_n_INT (CS_n_INT)
     OBUF:I->O                 2.571          CS_n_OBUF (CS_n)
    ----------------------------------------
    Total                      3.597ns (3.018ns logic, 0.579ns route)
                                       (83.9% logic, 16.1% route)

=========================================================================

Cross Clock Domains Report:
--------------------------

Clock to Setup on destination clock CLK_SYS
---------------+---------+---------+---------+---------+
               | Src:Rise| Src:Fall| Src:Rise| Src:Fall|
Source Clock   |Dest:Rise|Dest:Rise|Dest:Fall|Dest:Fall|
---------------+---------+---------+---------+---------+
CLK_SYS        |    2.655|         |         |         |
---------------+---------+---------+---------+---------+

=========================================================================


Total REAL time to Xst completion: 3.00 secs
Total CPU time to Xst completion: 2.82 secs
 
--> 

Total memory usage is 4486280 kilobytes

Number of errors   :    0 (   0 filtered)
Number of warnings :    6 (   0 filtered)
Number of infos    :    0 (   0 filtered)

